<?xml version="1.0" encoding="UTF-8"?>
<testng-results ignored="0" total="1" passed="1" failed="0" skipped="0">
  <reporter-output>
  </reporter-output>
  <suite started-at="2023-05-20T20:11:15 IST" name="Default suite" finished-at="2023-05-20T20:11:15 IST" duration-ms="72">
    <groups>
    </groups>
    <test started-at="2023-05-20T20:11:15 IST" name="Default test" finished-at="2023-05-20T20:11:15 IST" duration-ms="72">
      <class name="selenium.UIControls">
        <test-method signature="test()[pri:0, instance:selenium.UIControls@6e509ffa]" started-at="2023-05-20T20:11:15 IST" name="test" finished-at="2023-05-20T20:11:15 IST" duration-ms="19" status="PASS">
          <reporter-output>
          </reporter-output>
        </test-method> <!-- test -->
      </class> <!-- selenium.UIControls -->
    </test> <!-- Default test -->
  </suite> <!-- Default suite -->
</testng-results>
